# JRE version: OpenJDK Runtime Environment Corretto-17.0.6.10.1 (17.0.6+10) (build 17.0.6+10-LTS)
# Java VM: OpenJDK 64-Bit Server VM Corretto-17.0.6.10.1 (17.0.6+10-LTS, mixed mode, sharing, tiered, compressed oops, compressed class ptrs, g1 gc, windows-amd64)
GC Precious Log:
 CPUs: 8 total, 8 available
 Memory: 14266M
 Large Page Support: Disabled
 NUMA Support: Disabled
 Compressed Oops: Enabled (32-bit)
 Heap Region Size: 1M
 Heap Min Capacity: 8M
 Heap Initial Capacity: 224M
 Heap Max Capacity: 2G
 Pre-touch: Disabled
 Parallel Workers: 8
 Concurrent Workers: 2
 Concurrent Refinement Workers: 8
 Periodic GC: Disabled
Heap:
 garbage-first heap   total 381952K, used 214129K [0x0000000080000000, 0x0000000100000000)
  region size 1024K, 9 young (9216K), 9 survivors (9216K)
 Metaspace       used 136721K, committed 138112K, reserved 1171456K
  class space    used 18216K, committed 18880K, reserved 1048576K
GC Heap History (20 events):
Event: 671.978 GC heap after
{Heap after GC invocations=84 (full 0):
 garbage-first heap   total 377856K, used 124569K [0x0000000080000000, 0x0000000100000000)
  region size 1024K, 3 young (3072K), 3 survivors (3072K)
 Metaspace       used 122373K, committed 123392K, reserved 1163264K
  class space    used 16451K, committed 16960K, reserved 1048576K
}
Event: 672.399 GC heap before
{Heap before GC invocations=84 (full 0):
 garbage-first heap   total 377856K, used 161433K [0x0000000080000000, 0x0000000100000000)
  region size 1024K, 40 young (40960K), 3 survivors (3072K)
 Metaspace       used 122434K, committed 123520K, reserved 1163264K
  class space    used 16454K, committed 16960K, reserved 1048576K
}
Event: 672.402 GC heap after
{Heap after GC invocations=85 (full 0):
 garbage-first heap   total 377856K, used 125116K [0x0000000080000000, 0x0000000100000000)
  region size 1024K, 4 young (4096K), 4 survivors (4096K)
 Metaspace       used 122434K, committed 123520K, reserved 1163264K
  class space    used 16454K, committed 16960K, reserved 1048576K
}
Event: 702.746 GC heap before
{Heap before GC invocations=86 (full 0):
 garbage-first heap   total 377856K, used 311484K [0x0000000080000000, 0x0000000100000000)
  region size 1024K, 156 young (159744K), 4 survivors (4096K)
 Metaspace       used 122809K, committed 123904K, reserved 1163264K
  class space    used 16467K, committed 17024K, reserved 1048576K
}
Event: 702.756 GC heap after
{Heap after GC invocations=87 (full 0):
 garbage-first heap   total 377856K, used 134127K [0x0000000080000000, 0x0000000100000000)
  region size 1024K, 13 young (13312K), 13 survivors (13312K)
 Metaspace       used 122809K, committed 123904K, reserved 1163264K
  class space    used 16467K, committed 17024K, reserved 1048576K
}
Event: 702.770 GC heap before
{Heap before GC invocations=87 (full 0):
 garbage-first heap   total 377856K, used 138223K [0x0000000080000000, 0x0000000100000000)
  region size 1024K, 18 young (18432K), 13 survivors (13312K)
 Metaspace       used 122810K, committed 123904K, reserved 1163264K
  class space    used 16467K, committed 17024K, reserved 1048576K
}
Event: 702.778 GC heap after
{Heap after GC invocations=88 (full 0):
 garbage-first heap   total 377856K, used 127437K [0x0000000080000000, 0x0000000100000000)
  region size 1024K, 2 young (2048K), 2 survivors (2048K)
 Metaspace       used 122810K, committed 123904K, reserved 1163264K
  class space    used 16467K, committed 17024K, reserved 1048576K
}
Event: 703.004 GC heap before
{Heap before GC invocations=88 (full 0):
 garbage-first heap   total 377856K, used 148941K [0x0000000080000000, 0x0000000100000000)
  region size 1024K, 24 young (24576K), 2 survivors (2048K)
 Metaspace       used 122837K, committed 123904K, reserved 1163264K
  class space    used 16468K, committed 17024K, reserved 1048576K
}
Event: 703.007 GC heap after
{Heap after GC invocations=89 (full 0):
 garbage-first heap   total 377856K, used 127804K [0x0000000080000000, 0x0000000100000000)
  region size 1024K, 3 young (3072K), 3 survivors (3072K)
 Metaspace       used 122837K, committed 123904K, reserved 1163264K
  class space    used 16468K, committed 17024K, reserved 1048576K
}
Event: 1055.124 GC heap before
{Heap before GC invocations=90 (full 0):
 garbage-first heap   total 377856K, used 352060K [0x0000000080000000, 0x0000000100000000)
  region size 1024K, 168 young (172032K), 3 survivors (3072K)
 Metaspace       used 123642K, committed 124800K, reserved 1163264K
  class space    used 16562K, committed 17152K, reserved 1048576K
}
Event: 1055.131 GC heap after
{Heap after GC invocations=91 (full 0):
 garbage-first heap   total 377856K, used 130629K [0x0000000080000000, 0x0000000100000000)
  region size 1024K, 6 young (6144K), 6 survivors (6144K)
 Metaspace       used 123642K, committed 124800K, reserved 1163264K
  class space    used 16562K, committed 17152K, reserved 1048576K
}
Event: 1055.305 GC heap before
{Heap before GC invocations=91 (full 0):
 garbage-first heap   total 377856K, used 141893K [0x0000000080000000, 0x0000000100000000)
  region size 1024K, 18 young (18432K), 6 survivors (6144K)
 Metaspace       used 123762K, committed 125056K, reserved 1163264K
  class space    used 16594K, committed 17216K, reserved 1048576K
}
Event: 1055.311 GC heap after
{Heap after GC invocations=92 (full 0):
 garbage-first heap   total 377856K, used 124500K [0x0000000080000000, 0x0000000100000000)
  region size 1024K, 2 young (2048K), 2 survivors (2048K)
 Metaspace       used 123762K, committed 125056K, reserved 1163264K
  class space    used 16594K, committed 17216K, reserved 1048576K
}
Event: 2870.289 GC heap before
{Heap before GC invocations=92 (full 0):
 garbage-first heap   total 377856K, used 177748K [0x0000000080000000, 0x0000000100000000)
  region size 1024K, 55 young (56320K), 2 survivors (2048K)
 Metaspace       used 124017K, committed 125376K, reserved 1163264K
  class space    used 16634K, committed 17280K, reserved 1048576K
}
Event: 2870.300 GC heap after
{Heap after GC invocations=93 (full 0):
 garbage-first heap   total 377856K, used 125175K [0x0000000080000000, 0x0000000100000000)
  region size 1024K, 3 young (3072K), 3 survivors (3072K)
 Metaspace       used 124017K, committed 125376K, reserved 1163264K
  class space    used 16634K, committed 17280K, reserved 1048576K
}
Event: 2875.205 GC heap before
{Heap before GC invocations=94 (full 0):
 garbage-first heap   total 377856K, used 353527K [0x0000000080000000, 0x0000000100000000)
  region size 1024K, 149 young (152576K), 3 survivors (3072K)
 Metaspace       used 132435K, committed 133824K, reserved 1171456K
  class space    used 17715K, committed 18368K, reserved 1048576K
}
Event: 2875.224 GC heap after
{Heap after GC invocations=95 (full 0):
 garbage-first heap   total 381952K, used 227606K [0x0000000080000000, 0x0000000100000000)
  region size 1024K, 22 young (22528K), 22 survivors (22528K)
 Metaspace       used 132435K, committed 133824K, reserved 1171456K
  class space    used 17715K, committed 18368K, reserved 1048576K
}
Event: 2875.249 GC heap before
{Heap before GC invocations=95 (full 0):
 garbage-first heap   total 381952K, used 227606K [0x0000000080000000, 0x0000000100000000)
  region size 1024K, 23 young (23552K), 22 survivors (22528K)
 Metaspace       used 132451K, committed 133824K, reserved 1171456K
  class space    used 17716K, committed 18368K, reserved 1048576K
}
Event: 2875.269 GC heap after
{Heap after GC invocations=96 (full 0):
 garbage-first heap   total 381952K, used 206942K [0x0000000080000000, 0x0000000100000000)
  region size 1024K, 2 young (2048K), 2 survivors (2048K)
 Metaspace       used 132451K, committed 133824K, reserved 1171456K
  class space    used 17716K, committed 18368K, reserved 1048576K
}
Event: 2889.482 GC heap before
{Heap before GC invocations=96 (full 0):
 garbage-first heap   total 381952K, used 309342K [0x0000000080000000, 0x0000000100000000)
  region size 1024K, 103 young (105472K), 2 survivors (2048K)
 Metaspace       used 136721K, committed 138112K, reserved 1171456K
  class space    used 18216K, committed 18880K, reserved 1048576K
}

